1603647808639	geckodriver	INFO	Listening on 127.0.0.1:50675
1603647811651	mozrunner::runner	INFO	Running command: "C:\\Program Files\\Mozilla Firefox\\firefox.exe" "--marionette" "-foreground" "-no-remote" "-profile" "C:\\Users\\a_mcr\\AppData\\Local\\Temp\\rust_mozprofilebGzgr1"
Can't find symbol 'eglSwapBuffersWithDamageEXT'.
JavaScript error: resource://gre/modules/XULStore.jsm, line 66: Error: Can't find profile directory.
console.warn: SearchSettings: "get: No settings file exists, new profile?" (new Error("", "(unknown module)"))
1603647823391	Marionette	INFO	Listening on port 50683
1603647824130	Marionette	WARN	TLS certificate errors will be ignored for this session
JavaScript warning: https://mars.nasa.gov/assets/public_manifest-41747ae4170d68abe111e0d10e23d3e27b223a69e6312c00d1607f5a8e7388b5.js, line 2: Using //@ to indicate sourceMappingURL pragmas is deprecated. Use //# instead
JavaScript error: https://mars.nasa.gov/assets/mb_manifest-a0ae601bc18c852649e350709ab440161da58529f782ae84172c21f8ea27b714.js, line 1: TypeError: this.setViewportHeightVariable is not a function
1603652091594	Marionette	INFO	Stopped listening on port 50683

###!!! [Child][RunMessage] Error: Channel closing: too late to send/recv, messages will be lost


###!!! [Child][MessageChannel::SendAndWait] Error: Channel error: cannot send/recv

1603652188335	geckodriver	INFO	Listening on 127.0.0.1:54405
1603652191347	mozrunner::runner	INFO	Running command: "C:\\Program Files\\Mozilla Firefox\\firefox.exe" "--marionette" "-foreground" "-no-remote" "-profile" "C:\\Users\\a_mcr\\AppData\\Local\\Temp\\rust_mozprofileRkJoPI"
Can't find symbol 'eglSwapBuffersWithDamageEXT'.
JavaScript error: resource://gre/modules/XULStore.jsm, line 66: Error: Can't find profile directory.
console.warn: SearchSettings: "get: No settings file exists, new profile?" (new Error("", "(unknown module)"))
1603652201865	Marionette	INFO	Listening on port 54414
1603652202237	Marionette	WARN	TLS certificate errors will be ignored for this session
JavaScript warning: https://mars.nasa.gov/assets/public_manifest-41747ae4170d68abe111e0d10e23d3e27b223a69e6312c00d1607f5a8e7388b5.js, line 2: Using //@ to indicate sourceMappingURL pragmas is deprecated. Use //# instead
JavaScript error: https://mars.nasa.gov/assets/mb_manifest-a0ae601bc18c852649e350709ab440161da58529f782ae84172c21f8ea27b714.js, line 1: TypeError: this.setViewportHeightVariable is not a function
1603659435887	Marionette	INFO	Stopped listening on port 54414

###!!! [Child][RunMessage] Error: Channel closing: too late to send/recv, messages will be lost


###!!! [Child][MessageChannel::SendAndWait] Error: Channel error: cannot send/recv

Temp\\rust_mozprofileZzqSRT"
Can't find symbol 'eglSwapBuffersWithDamageEXT'.
JavaScript error: resource://gre/modules/XULStore.jsm, line 66: Error: Can't find profile directory.
console.warn: SearchSettings: "get: No settings file exists, new profile?" (new Error("", "(unknown module)"))
1603659346815	Marionette	INFO	Listening on port 60798
1603659347160	Marionette	WARN	TLS certificate errors will be ignored for this session
JavaScript warning: https://mars.nasa.gov/assets/public_manifest-41747ae4170d68abe111e0d10e23d3e27b223a69e6312c00d1607f5a8e7388b5.js, line 2: Using //@ to indicate sourceMappingURL pragmas is deprecated. Use //# instead
JavaScript error: https://mars.nasa.gov/assets/mb_manifest-a0ae601bc18c852649e350709ab440161da58529f782ae84172c21f8ea27b714.js, line 1: TypeError: this.setViewportHeightVariable is not a function
1603659426562	Marionette	INFO	Stopped listening on port 60798

###!!! [Child][RunMessage] Error: Channel closing: too late to send/recv, messages will be lost


###!!! [Child][MessageChannel::SendAndWait] Error: Channel error: cannot send/recv

1603659548707	geckodriver	INFO	Listening on 127.0.0.1:61187
1603659551725	mozrunner::runner	INFO	Running command: "C:\\Program Files\\Mozilla Firefox\\firefox.exe" "--marionette" "-foreground" "-no-remote" "-profile" "C:\\Users\\a_mcr\\AppData\\Local\\Temp\\rust_mozprofileZTDDBY"
Can't find symbol 'eglSwapBuffersWithDamageEXT'.
JavaScript error: resource://gre/modules/XULStore.jsm, line 66: Error: Can't find profile directory.
console.warn: SearchSettings: "get: No settings file exists, new profile?" (new Error("", "(unknown module)"))
1603659562612	Marionette	INFO	Listening on port 61199
1603659562974	Marionette	WARN	TLS certificate errors will be ignored for this session
1603663446166	Marionette	INFO	Stopped listening on port 61199

###!!! [Child][RunMessage] Error: Channel closing: too late to send/recv, messages will be lost


###!!! [Child][MessageChannel::SendAndWait] Error: Channel error: cannot send/recv

1603669582299	geckodriver	INFO	Listening on 127.0.0.1:50557
1603669585330	mozrunner::runner	INFO	Running command: "C:\\Program Files\\Mozilla Firefox\\firefox.exe" "--marionette" "-foreground" "-no-remote" "-profile" "C:\\Users\\a_mcr\\AppData\\Local\\Temp\\rust_mozprofileciTCFy"
Can't find symbol 'eglSwapBuffersWithDamageEXT'.
JavaScript error: resource://gre/modules/XULStore.jsm, line 66: Error: Can't find profile directory.
console.warn: SearchSettings: "get: No settings file exists, new profile?" (new Error("", "(unknown module)"))
1603669592010	Marionette	INFO	Listening on port 50565
1603669592231	Marionette	WARN	TLS certificate errors will be ignored for this session
1603676319488	Marionette	INFO	Stopped listening on port 50565

###!!! [Child][RunMessage] Error: Channel closing: too late to send/recv, messages will be lost


###!!! [Child][MessageChannel::SendAndWait] Error: Channel error: cannot send/recv

1603676343149	geckodriver	INFO	Listening on 127.0.0.1:60685
1603676346166	mozrunner::runner	INFO	Running command: "C:\\Program Files\\Mozilla Firefox\\firefox.exe" "--marionette" "-foreground" "-no-remote" "-profile" "C:\\Users\\a_mcr\\AppData\\Local\\Temp\\rust_mozprofileXdndwf"
Can't find symbol 'eglSwapBuffersWithDamageEXT'.
JavaScript error: resource://gre/modules/XULStore.jsm, line 66: Error: Can't find profile directory.
console.warn: SearchSettings: "get: No settings file exists, new profile?" (new Error("", "(unknown module)"))
1603676354850	Marionette	INFO	Listening on port 60695
1603676354944	Marionette	WARN	TLS certificate errors will be ignored for this session
1603726851573	Marionette	INFO	Stopped listening on port 60695

###!!! [Child][RunMessage] Error: Channel closing: too late to send/recv, messages will be lost


###!!! [Child][MessageChannel::SendAndWait] Error: Channel error: cannot send/recv

1603726868036	geckodriver	INFO	Listening on 127.0.0.1:53527
1603726871053	mozrunner::runner	INFO	Running command: "C:\\Program Files\\Mozilla Firefox\\firefox.exe" "--marionette" "-foreground" "-no-remote" "-profile" "C:\\Users\\a_mcr\\AppData\\Local\\Temp\\rust_mozprofileMSY4jj"
Can't find symbol 'eglSwapBuffersWithDamageEXT'.
JavaScript error: resource://gre/modules/XULStore.jsm, line 66: Error: Can't find profile directory.
console.warn: SearchSettings: "get: No settings file exists, new profile?" (new Error("", "(unknown module)"))
1603726877898	Marionette	INFO	Listening on port 53536
1603726877990	Marionette	WARN	TLS certificate errors will be ignored for this session
1603746653500	Marionette	INFO	Stopped listening on port 53536

###!!! [Child][RunMessage] Error: Channel closing: too late to send/recv, messages will be lost


###!!! [Child][MessageChannel::SendAndWait] Error: Channel error: cannot send/recv

1603746661065	geckodriver	INFO	Listening on 127.0.0.1:59434
1603746664098	mozrunner::runner	INFO	Running command: "C:\\Program Files\\Mozilla Firefox\\firefox.exe" "--marionette" "-foreground" "-no-remote" "-profile" "C:\\Users\\a_mcr\\AppData\\Local\\Temp\\rust_mozprofile8uBeEI"
Can't find symbol 'eglSwapBuffersWithDamageEXT'.
JavaScript error: resource://gre/modules/XULStore.jsm, line 66: Error: Can't find profile directory.
console.warn: SearchSettings: "get: No settings file exists, new profile?" (new Error("", "(unknown module)"))
1603746670550	Marionette	INFO	Listening on port 59443
1603746670811	Marionette	WARN	TLS certificate errors will be ignored for this session
1603748439084	Marionette	INFO	Stopped listening on port 59443

###!!! [Child][RunMessage] Error: Channel closing: too late to send/recv, messages will be lost


###!!! [Child][MessageChannel::SendAndWait] Error: Channel error: cannot send/recv

1603756301299	geckodriver	INFO	Listening on 127.0.0.1:52214
1603756303873	mozrunner::runner	INFO	Running command: "C:\\Program Files\\Mozilla Firefox\\firefox.exe" "--marionette" "-foreground" "-no-remote" "-profile" "C:\\Users\\a_mcr\\AppData\\Local\\Temp\\rust_mozprofilenlqfl2"
Can't find symbol 'eglSwapBuffersWithDamageEXT'.
JavaScript error: resource://gre/modules/XULStore.jsm, line 66: Error: Can't find profile directory.
console.warn: SearchSettings: "get: No settings file exists, new profile?" (new Error("", "(unknown module)"))
1603756327265	Marionette	INFO	Listening on port 52229
1603756327561	Marionette	WARN	TLS certificate errors will be ignored for this session
JavaScript warning: https://mars.nasa.gov/assets/public_manifest-41747ae4170d68abe111e0d10e23d3e27b223a69e6312c00d1607f5a8e7388b5.js, line 2: Using //@ to indicate sourceMappingURL pragmas is deprecated. Use //# instead
JavaScript error: https://mars.nasa.gov/assets/mb_manifest-a0ae601bc18c852649e350709ab440161da58529f782ae84172c21f8ea27b714.js, line 1: TypeError: this.setViewportHeightVariable is not a function
1603756414068	Marionette	INFO	Stopped listening on port 52229

###!!! [Child][RunMessage] Error: Channel closing: too late to send/recv, messages will be lost


###!!! [Child][MessageChannel::SendAndWait] Error: Channel error: cannot send/recv

1603756430699	geckodriver	INFO	Listening on 127.0.0.1:52469
1603756433718	mozrunner::runner	INFO	Running command: "C:\\Program Files\\Mozilla Firefox\\firefox.exe" "--marionette" "-foreground" "-no-remote" "-profile" "C:\\Users\\a_mcr\\AppData\\Local\\Temp\\rust_mozprofile4FdAzR"
Can't find symbol 'eglSwapBuffersWithDamageEXT'.
JavaScript error: resource://gre/modules/XULStore.jsm, line 66: Error: Can't find profile directory.
console.warn: SearchSettings: "get: No settings file exists, new profile?" (new Error("", "(unknown module)"))
1603756442565	Marionette	INFO	Listening on port 52479
1603756443122	Marionette	WARN	TLS certificate errors will be ignored for this session
1603756496746	Marionette	INFO	Stopped listening on port 52479

###!!! [Child][RunMessage] Error: Channel closing: too late to send/recv, messages will be lost


###!!! [Child][MessageChannel::SendAndWait] Error: Channel error: cannot send/recv

1603756538098	geckodriver	INFO	Listening on 127.0.0.1:52665
1603756541124	mozrunner::runner	INFO	Running command: "C:\\Program Files\\Mozilla Firefox\\firefox.exe" "--marionette" "-foreground" "-no-remote" "-profile" "C:\\Users\\a_mcr\\AppData\\Local\\Temp\\rust_mozprofileqkTjSN"
Can't find symbol 'eglSwapBuffersWithDamageEXT'.
JavaScript error: resource://gre/modules/XULStore.jsm, line 66: Error: Can't find profile directory.
console.warn: SearchSettings: "get: No settings file exists, new profile?" (new Error("", "(unknown module)"))
1603756550411	Marionette	INFO	Listening on port 52674
1603756550518	Marionette	WARN	TLS certificate errors will be ignored for this session
1603756787442	Marionette	INFO	Stopped listening on port 52674

###!!! [Child][RunMessage] Error: Channel closing: too late to send/recv, messages will be lost


###!!! [Child][MessageChannel::SendAndWait] Error: Channel error: cannot send/recv

1603904319165	geckodriver	INFO	Listening on 127.0.0.1:56137
1603904322194	mozrunner::runner	INFO	Running command: "C:\\Program Files\\Mozilla Firefox\\firefox.exe" "--marionette" "-foreground" "-no-remote" "-profile" "C:\\Users\\a_mcr\\AppData\\Local\\Temp\\rust_mozprofilevG8TXn"
Can't find symbol 'eglSwapBuffersWithDamageEXT'.
JavaScript error: resource://gre/modules/XULStore.jsm, line 66: Error: Can't find profile directory.
console.warn: SearchSettings: "get: No settings file exists, new profile?" (new Error("", "(unknown module)"))
1603904328630	Marionette	INFO	Listening on port 56148
1603904328699	Marionette	WARN	TLS certificate errors will be ignored for this session
JavaScript warning: https://mars.nasa.gov/assets/public_manifest-ddf5bf590b2229452371e79f02789c5c012f5826e2115bacb3513f79c42b703b.js, line 2: Using //@ to indicate sourceMappingURL pragmas is deprecated. Use //# instead
JavaScript error: https://mars.nasa.gov/assets/mb_manifest-a0ae601bc18c852649e350709ab440161da58529f782ae84172c21f8ea27b714.js, line 1: TypeError: this.setViewportHeightVariable is not a function
1603904386476	Marionette	INFO	Stopped listening on port 56148

###!!! [Child][RunMessage] Error: Channel closing: too late to send/recv, messages will be lost


###!!! [Child][MessageChannel::SendAndWait] Error: Channel error: cannot send/recv

1603905147606	geckodriver	INFO	Listening on 127.0.0.1:56863
1603905150612	mozrunner::runner	INFO	Running command: "C:\\Program Files\\Mozilla Firefox\\firefox.exe" "--marionette" "-foreground" "-no-remote" "-profile" "C:\\Users\\a_mcr\\AppData\\Local\\Temp\\rust_mozprofileezP0yQ"
Can't find symbol 'eglSwapBuffersWithDamageEXT'.
JavaScript error: resource://gre/modules/XULStore.jsm, line 66: Error: Can't find profile directory.
console.warn: SearchSettings: "get: No settings file exists, new profile?" (new Error("", "(unknown module)"))
1603905158321	Marionette	INFO	Listening on port 56872
1603905158529	Marionette	WARN	TLS certificate errors will be ignored for this session
1603905210586	Marionette	INFO	Stopped listening on port 56872

###!!! [Child][RunMessage] Error: Channel closing: too late to send/recv, messages will be lost


###!!! [Child][MessageChannel::SendAndWait] Error: Channel error: cannot send/recv

1603929827034	geckodriver	INFO	Listening on 127.0.0.1:60222
1603929830072	mozrunner::runner	INFO	Running command: "C:\\Program Files\\Mozilla Firefox\\firefox.exe" "--marionette" "-foreground" "-no-remote" "-profile" "C:\\Users\\a_mcr\\AppData\\Local\\Temp\\rust_mozprofile4OgcjM"
Can't find symbol 'eglSwapBuffersWithDamageEXT'.
JavaScript error: resource://gre/modules/XULStore.jsm, line 66: Error: Can't find profile directory.
console.warn: SearchSettings: "get: No settings file exists, new profile?" (new Error("", "(unknown module)"))
1603929838745	Marionette	INFO	Listening on port 60232
1603929838857	Marionette	WARN	TLS certificate errors will be ignored for this session
console.error: (new TypeError("parent is null", "resource://devtools/client/inspector/shared/style-change-tracker.js", 67))
TypeError: parent is null: canMutationImpactCurrentStyles@resource://devtools/client/inspector/shared/style-change-tracker.js:67:24
onMutations@resource://devtools/client/inspector/shared/style-change-tracker.js:84:41
_emit@resource://devtools/shared/event-emitter.js:226:34
emit@resource://devtools/shared/event-emitter.js:172:18
emit@resource://devtools/shared/event-emitter.js:324:18
getMutations@resource://devtools/client/fronts/walker.js:405:10

1603930064176	Marionette	INFO	Stopped listening on port 60232

###!!! [Child][RunMessage] Error: Channel closing: too late to send/recv, messages will be lost


###!!! [Child][MessageChannel::SendAndWait] Error: Channel error: cannot send/recv

1603930071650	geckodriver	INFO	Listening on 127.0.0.1:60616
1603930074655	mozrunner::runner	INFO	Running command: "C:\\Program Files\\Mozilla Firefox\\firefox.exe" "--marionette" "-foreground" "-no-remote" "-profile" "C:\\Users\\a_mcr\\AppData\\Local\\Temp\\rust_mozprofilewKOXO6"
Can't find symbol 'eglSwapBuffersWithDamageEXT'.
JavaScript error: resource://gre/modules/XULStore.jsm, line 66: Error: Can't find profile directory.
console.warn: SearchSettings: "get: No settings file exists, new profile?" (new Error("", "(unknown module)"))
1603930083410	Marionette	INFO	Listening on port 60626
1603930083755	Marionette	WARN	TLS certificate errors will be ignored for this session
1603935709559	Marionette	INFO	Stopped listening on port 60626

###!!! [Child][RunMessage] Error: Channel closing: too late to send/recv, messages will be lost


###!!! [Child][MessageChannel::SendAndWait] Error: Channel error: cannot send/recv

1603935733375	geckodriver	INFO	Listening on 127.0.0.1:49390
1603935736420	mozrunner::runner	INFO	Running command: "C:\\Program Files\\Mozilla Firefox\\firefox.exe" "--marionette" "-foreground" "-no-remote" "-profile" "C:\\Users\\a_mcr\\AppData\\Local\\Temp\\rust_mozprofileBSXk41"
Can't find symbol 'eglSwapBuffersWithDamageEXT'.
JavaScript error: resource://gre/modules/XULStore.jsm, line 66: Error: Can't find profile directory.
console.warn: SearchSettings: "get: No settings file exists, new profile?" (new Error("", "(unknown module)"))
1603935742508	Marionette	INFO	Listening on port 49400
1603935742988	Marionette	WARN	TLS certificate errors will be ignored for this session
JavaScript warning: https://mars.nasa.gov/assets/public_manifest-63a5b4071bf0b92dd1f67e47c49ab61a6fc0053457345d4c132ae36b10bde324.js, line 2: Using //@ to indicate sourceMappingURL pragmas is deprecated. Use //# instead
JavaScript error: https://mars.nasa.gov/assets/mb_manifest-a0ae601bc18c852649e350709ab440161da58529f782ae84172c21f8ea27b714.js, line 1: TypeError: this.setViewportHeightVariable is not a function
1603935830175	Marionette	INFO	Stopped listening on port 49400

###!!! [Child][RunMessage] Error: Channel closing: too late to send/recv, messages will be lost


###!!! [Child][MessageChannel::SendAndWait] Error: Channel error: cannot send/recv

1603935891757	geckodriver	INFO	Listening on 127.0.0.1:49584
1603935894764	mozrunner::runner	INFO	Running command: "C:\\Program Files\\Mozilla Firefox\\firefox.exe" "--marionette" "-foreground" "-no-remote" "-profile" "C:\\Users\\a_mcr\\AppData\\Local\\Temp\\rust_mozprofilees5pwe"
Can't find symbol 'eglSwapBuffersWithDamageEXT'.
JavaScript error: resource://gre/modules/XULStore.jsm, line 66: Error: Can't find profile directory.
console.warn: SearchSettings: "get: No settings file exists, new profile?" (new Error("", "(unknown module)"))
1603935901519	Marionette	INFO	Listening on port 49593
1603935901924	Marionette	WARN	TLS certificate errors will be ignored for this session
JavaScript warning: https://mars.nasa.gov/assets/public_manifest-63a5b4071bf0b92dd1f67e47c49ab61a6fc0053457345d4c132ae36b10bde324.js, line 2: Using //@ to indicate sourceMappingURL pragmas is deprecated. Use //# instead
JavaScript error: https://mars.nasa.gov/assets/mb_manifest-a0ae601bc18c852649e350709ab440161da58529f782ae84172c21f8ea27b714.js, line 1: TypeError: this.setViewportHeightVariable is not a function
1603935924922	Marionette	INFO	Stopped listening on port 49593

###!!! [Child][RunMessage] Error: Channel closing: too late to send/recv, messages will be lost


###!!! [Child][MessageChannel::SendAndWait] Error: Channel error: cannot send/recv

1603936040628	geckodriver	INFO	Listening on 127.0.0.1:49846
1603936043663	mozrunner::runner	INFO	Running command: "C:\\Program Files\\Mozilla Firefox\\firefox.exe" "--marionette" "-foreground" "-no-remote" "-profile" "C:\\Users\\a_mcr\\AppData\\Local\\Temp\\rust_mozprofilezDfhPW"
Can't find symbol 'eglSwapBuffersWithDamageEXT'.
JavaScript error: resource://gre/modules/XULStore.jsm, line 66: Error: Can't find profile directory.
console.warn: SearchSettings: "get: No settings file exists, new profile?" (new Error("", "(unknown module)"))
1603936050677	Marionette	INFO	Listening on port 49858
1603936050978	Marionette	WARN	TLS certificate errors will be ignored for this session
1603938154019	Marionette	INFO	Stopped listening on port 49858

###!!! [Child][RunMessage] Error: Channel closing: too late to send/recv, messages will be lost


###!!! [Child][MessageChannel::SendAndWait] Error: Channel error: cannot send/recv

1603938161081	geckodriver	INFO	Listening on 127.0.0.1:51776
1603938164134	mozrunner::runner	INFO	Running command: "C:\\Program Files\\Mozilla Firefox\\firefox.exe" "--marionette" "-foreground" "-no-remote" "-profile" "C:\\Users\\a_mcr\\AppData\\Local\\Temp\\rust_mozprofileOoByck"
Can't find symbol 'eglSwapBuffersWithDamageEXT'.
JavaScript error: resource://gre/modules/XULStore.jsm, line 66: Error: Can't find profile directory.
console.warn: SearchSettings: "get: No settings file exists, new profile?" (new Error("", "(unknown module)"))
1603938171361	Marionette	INFO	Listening on port 51786
1603938171987	Marionette	WARN	TLS certificate errors will be ignored for this session
1603946821414	Marionette	INFO	Stopped listening on port 51786

###!!! [Child][RunMessage] Error: Channel closing: too late to send/recv, messages will be lost


###!!! [Child][MessageChannel::SendAndWait] Error: Channel error: cannot send/recv

1603946853755	geckodriver	INFO	Listening on 127.0.0.1:58857
1603946856788	mozrunner::runner	INFO	Running command: "C:\\Program Files\\Mozilla Firefox\\firefox.exe" "--marionette" "-foreground" "-no-remote" "-profile" "C:\\Users\\a_mcr\\AppData\\Local\\Temp\\rust_mozprofileQQZcJx"
Can't find symbol 'eglSwapBuffersWithDamageEXT'.
JavaScript error: resource://gre/modules/XULStore.jsm, line 66: Error: Can't find profile directory.
console.warn: SearchSettings: "get: No settings file exists, new profile?" (new Error("", "(unknown module)"))
1603946865809	Marionette	INFO	Listening on port 58866
1603946865874	Marionette	WARN	TLS certificate errors will be ignored for this session
1603946917846	Marionette	INFO	Stopped listening on port 58866

###!!! [Child][RunMessage] Error: Channel closing: too late to send/recv, messages will be lost


###!!! [Child][MessageChannel::SendAndWait] Error: Channel error: cannot send/recv

1603993613550	geckodriver	INFO	Listening on 127.0.0.1:64740
1603993616624	mozrunner::runner	INFO	Running command: "C:\\Program Files\\Mozilla Firefox\\firefox.exe" "--marionette" "-foreground" "-no-remote" "-profile" "C:\\Users\\a_mcr\\AppData\\Local\\Temp\\rust_mozprofileSVyuAP"
Can't find symbol 'eglSwapBuffersWithDamageEXT'.
JavaScript error: resource://gre/modules/XULStore.jsm, line 66: Error: Can't find profile directory.
console.warn: SearchSettings: "get: No settings file exists, new profile?" (new Error("", "(unknown module)"))
1603993623734	Marionette	INFO	Listening on port 64748
1603993624259	Marionette	WARN	TLS certificate errors will be ignored for this session
1603994008449	Marionette	INFO	Stopped listening on port 64748

###!!! [Child][MessageChannel::SendAndWait] Error: Channel error: cannot send/recv

1603998896409	geckodriver	INFO	Listening on 127.0.0.1:51466
1603998899434	mozrunner::runner	INFO	Running command: "C:\\Program Files\\Mozilla Firefox\\firefox.exe" "--marionette" "-foreground" "-no-remote" "-profile" "C:\\Users\\a_mcr\\AppData\\Local\\Temp\\rust_mozprofilexyGxDj"
Can't find symbol 'eglSwapBuffersWithDamageEXT'.
JavaScript error: resource://gre/modules/XULStore.jsm, line 66: Error: Can't find profile directory.
console.warn: SearchSettings: "get: No settings file exists, new profile?" (new Error("", "(unknown module)"))
1603998905889	Marionette	INFO	Listening on port 51474
1603998906385	Marionette	WARN	TLS certificate errors will be ignored for this session
1604000404184	Marionette	INFO	Stopped listening on port 51474

###!!! [Child][RunMessage] Error: Channel closing: too late to send/recv, messages will be lost


###!!! [Child][MessageChannel::SendAndWait] Error: Channel error: cannot send/recv

